{"level":"info","message":"Server is running at port 3000"}
2024-10-21T14:13:31.529Z:[INFO   ] - Server is running at port 3000
2024-10-21T14:14:00.173Z=>[INFO   ] - Server is running at port 3000
2024-10-21T14:17:49.508Z=>[INFO   ] - Server is running at port 3000
2024-10-21T14:23:42.059Z=>[INFO   ] - Server is running at port 3000
2024-10-21T14:24:28.781Z=>[INFO   ] - Server is running at port 3000
2024-10-21T14:24:35.556Z=>[INFO   ] - Server is running at port 3000
2024-10-21T14:53:19.105Z=>[INFO   ] - Server is running at port 3000
2024-10-21T14:53:42.284Z=>[ERROR  ] - Error storing refresh token: error is not defined
2024-10-21T14:56:44.884Z=>[WARN   ] - Token unavailable
2024-10-21T15:07:40.796Z=>[INFO   ] - Server is running at port 3000
2024-10-21T15:07:45.782Z=>[ERROR  ] - Error storing refresh token: error is not defined
2024-11-01T01:41:04.147Z=>[INFO   ] - Server is running at port 3000
2024-11-01T01:41:43.176Z=>[INFO   ] - Server is running at port 3000
2024-11-01T01:48:35.619Z=>[INFO   ] - Server is running at port 3000
2024-11-01T01:48:42.793Z=>[INFO   ] - Server is running at port 3000
2024-11-01T01:49:46.352Z=>[INFO   ] - Server is running at port 3000
2024-11-01T01:50:13.260Z=>[INFO   ] - Server is running at port 3000
2024-11-01T01:51:22.871Z=>[INFO   ] - Server is running at port 3000
2024-11-01T01:51:55.890Z=>[INFO   ] - Server is running at port 3000
2024-11-01T01:53:28.046Z=>[INFO   ] - Server is running at port 3000
2024-11-01T01:54:15.560Z=>[INFO   ] - Server is running at port 3000
2024-11-03T15:20:22.350Z=>[INFO   ] - Server is running at port 3000
2024-11-03T15:43:49.246Z=>[INFO   ] - Server is running at port 3000
2024-11-03T15:44:27.652Z=>[INFO   ] - Server is running at port 3000
2024-11-03T15:44:51.900Z=>[INFO   ] - Server is running at port 3000
2024-11-03T15:47:38.211Z=>[INFO   ] - Server is running at port 3000
2024-11-03T15:48:05.675Z=>[INFO   ] - Server is running at port 3000
2024-11-03T15:48:44.792Z=>[INFO   ] - Server is running at port 3000
2024-11-03T15:49:02.669Z=>[INFO   ] - Server is running at port 3000
2024-11-03T16:16:35.315Z=>[INFO   ] - Server is running at port 3000
2024-11-03T16:18:40.655Z=>[INFO   ] - Server is running at port 3000
2024-11-03T16:20:10.884Z=>[INFO   ] - Server is running at port 3000
2024-11-03T16:20:30.026Z=>[INFO   ] - Server is running at port 3000
2024-11-05T11:14:42.966Z=>[INFO   ] - Server is running at port 3000
2024-11-06T00:22:04.581Z=>[INFO   ] - Server is running at port 3000
2024-11-06T00:30:06.735Z=>[INFO   ] - Server is running at port 3000
2024-11-06T00:30:24.704Z=>[INFO   ] - Server is running at port 3000
2024-11-06T00:32:46.742Z=>[INFO   ] - Server is running at port 3000
2024-11-06T00:34:04.436Z=>[INFO   ] - Server is running at port 3000
2024-11-06T00:35:29.840Z=>[INFO   ] - Server is running at port 3000
2024-11-06T00:38:49.203Z=>[INFO   ] - Server is running at port 3000
2024-11-06T00:39:54.249Z=>[INFO   ] - Server is running at port 3000
2024-11-06T00:41:17.557Z=>[INFO   ] - Server is running at port 3000
2024-11-06T00:41:53.673Z=>[INFO   ] - Server is running at port 3000
2024-11-06T00:42:12.780Z=>[INFO   ] - Server is running at port 3000
2024-11-06T00:42:49.374Z=>[INFO   ] - Server is running at port 3000
2024-11-06T02:30:28.958Z=>[INFO   ] - Server is running at port 3000
2024-11-06T02:36:09.377Z=>[INFO   ] - Server is running at port 3000
2024-11-06T02:43:38.480Z=>[INFO   ] - Server is running at port 3000
2024-11-06T02:44:22.919Z=>[INFO   ] - Server is running at port 3000
2024-11-06T03:10:04.853Z=>[INFO   ] - Server is running at port 3000
2024-11-06T03:13:40.130Z=>[INFO   ] - Server is running at port 3000
2024-11-06T05:10:27.117Z=>[INFO   ] - Server is running at port 3000
2024-11-06T05:13:30.727Z=>[INFO   ] - Server is running at port 3000
2024-11-06T05:13:55.852Z=>[INFO   ] - Server is running at port 3000
2024-11-06T05:15:09.721Z=>[INFO   ] - Server is running at port 3000
2024-11-06T05:15:38.283Z=>[INFO   ] - Server is running at port 3000
2024-11-06T05:33:20.402Z=>[INFO   ] - Server is running at port 3000
2024-11-06T05:34:11.976Z=>[INFO   ] - Server is running at port 3000
2024-11-06T05:35:10.053Z=>[INFO   ] - Server is running at port 3000
2024-11-06T05:35:29.051Z=>[INFO   ] - Server is running at port 3000
2024-11-06T05:36:05.933Z=>[INFO   ] - Server is running at port 3000
2024-11-06T05:38:28.139Z=>[INFO   ] - Server is running at port 3000
2024-11-06T05:38:48.517Z=>[INFO   ] - Server is running at port 3000
2024-11-06T05:39:03.652Z=>[INFO   ] - Server is running at port 3000
2024-11-06T05:39:27.348Z=>[INFO   ] - Server is running at port 3000
2024-11-06T05:40:57.513Z=>[INFO   ] - Server is running at port 3000
2024-11-06T05:47:03.932Z=>[INFO   ] - Server is running at port 3000
2024-11-06T06:07:03.994Z=>[INFO   ] - Server is running at port 3000
2024-11-06T06:07:15.312Z=>[INFO   ] - Server is running at port 3000
2024-11-06T06:09:33.634Z=>[INFO   ] - Server is running at port 3000
2024-11-06T06:10:54.264Z=>[INFO   ] - Server is running at port 3000
2024-11-06T06:11:38.783Z=>[INFO   ] - Server is running at port 3000
2024-11-06T06:12:01.656Z=>[INFO   ] - Server is running at port 3000
2024-11-06T06:12:51.876Z=>[INFO   ] - Server is running at port 3000
2024-11-06T06:14:41.820Z=>[INFO   ] - Server is running at port 3000
2024-11-06T06:16:24.083Z=>[INFO   ] - Server is running at port 3000
2024-11-06T06:16:29.460Z=>[ERROR  ] - Error storing refresh token: error is not defined
2024-11-06T06:18:56.360Z=>[INFO   ] - Server is running at port 3000
2024-11-06T06:19:39.755Z=>[INFO   ] - Server is running at port 3000
2024-11-06T06:20:23.059Z=>[INFO   ] - Server is running at port 3000
2024-11-06T07:33:44.289Z=>[INFO   ] - Server is running at port 3000
2024-11-06T07:39:43.081Z=>[INFO   ] - Server is running at port 3000
2024-11-06T07:46:11.739Z=>[INFO   ] - Server is running at port 3000
2024-11-06T07:48:09.155Z=>[INFO   ] - Server is running at port 3000
2024-11-06T07:48:43.938Z=>[INFO   ] - Server is running at port 3000
2024-11-06T07:50:01.618Z=>[INFO   ] - Server is running at port 3000
2024-11-06T07:51:52.721Z=>[INFO   ] - Server is running at port 3000
2024-11-06T07:52:03.147Z=>[ERROR  ] - Error storing refresh token: error is not defined
2024-11-06T07:57:07.412Z=>[INFO   ] - Server is running at port 3000
2024-11-06T07:57:10.822Z=>[ERROR  ] - Error storing refresh token: error is not defined
2024-11-06T07:59:10.252Z=>[INFO   ] - Server is running at port 3000
2024-11-06T07:59:12.185Z=>[ERROR  ] - Error storing refresh token: error is not defined
2024-11-06T08:00:28.868Z=>[INFO   ] - Server is running at port 3000
2024-11-06T08:00:31.537Z=>[ERROR  ] - Error storing refresh token: error is not defined
2024-11-06T08:02:07.639Z=>[INFO   ] - Server is running at port 3000
2024-11-06T08:09:53.191Z=>[INFO   ] - Server is running at port 3000
2024-11-06T08:11:58.180Z=>[INFO   ] - Server is running at port 3000
2024-11-06T08:12:06.247Z=>[INFO   ] - Server is running at port 3000
2024-11-06T10:42:15.159Z=>[INFO   ] - Server is running at port 3000
2024-11-06T10:46:14.986Z=>[INFO   ] - Server is running at port 3000
2024-11-06T10:47:54.955Z=>[INFO   ] - Server is running at port 3000
2024-11-06T11:17:17.748Z=>[INFO   ] - Server is running at port 3000
2024-11-06T12:09:12.096Z=>[INFO   ] - Server is running at port 3000
2024-11-06T12:09:32.437Z=>[INFO   ] - Server is running at port 3000
2024-11-06T12:11:31.905Z=>[INFO   ] - Server is running at port 3000
2024-11-06T12:13:11.600Z=>[INFO   ] - Server is running at port 3000
2024-11-06T12:13:31.790Z=>[INFO   ] - Server is running at port 3000
2024-11-06T12:13:36.078Z=>[ERROR  ] - Error storing refresh token: Token validation failed: accessToken: Path `accessToken` is required.
2024-11-06T12:15:35.159Z=>[INFO   ] - Server is running at port 3000
2024-11-06T12:15:48.392Z=>[ERROR  ] - Error storing refresh token: Token validation failed: accessToken: Path `accessToken` is required.
2024-11-06T12:17:06.711Z=>[INFO   ] - Server is running at port 3000
2024-11-06T12:17:14.089Z=>[INFO   ] - Server is running at port 3000
2024-11-06T12:17:15.852Z=>[ERROR  ] - Error storing refresh token: Token validation failed: accessToken: Path `accessToken` is required.
2024-11-06T12:19:09.529Z=>[ERROR  ] - Error storing refresh token: Token validation failed: accessToken: Path `accessToken` is required.
2024-11-06T12:19:14.473Z=>[ERROR  ] - Error storing refresh token: Token validation failed: accessToken: Path `accessToken` is required.
2024-11-06T12:19:15.571Z=>[ERROR  ] - Error storing refresh token: Token validation failed: accessToken: Path `accessToken` is required.
2024-11-06T12:19:16.570Z=>[ERROR  ] - Error storing refresh token: Token validation failed: accessToken: Path `accessToken` is required.
2024-11-06T12:28:01.556Z=>[INFO   ] - Server is running at port 3000
2024-11-06T12:33:39.167Z=>[INFO   ] - Server is running at port 3000
2024-11-06T12:35:56.107Z=>[INFO   ] - Server is running at port 3000
2024-11-06T12:36:57.237Z=>[INFO   ] - Server is running at port 3000
2024-11-06T12:38:00.614Z=>[INFO   ] - Server is running at port 3000
2024-11-06T12:38:39.891Z=>[INFO   ] - Server is running at port 3000
2024-11-06T12:39:09.615Z=>[INFO   ] - Server is running at port 3000
2024-11-06T12:40:28.965Z=>[INFO   ] - Server is running at port 3000
2024-11-06T12:50:56.673Z=>[INFO   ] - Server is running at port 3000
2024-11-06T12:51:54.237Z=>[INFO   ] - Server is running at port 3000
2024-11-06T12:56:10.618Z=>[INFO   ] - Server is running at port 3000
2024-11-06T12:58:05.825Z=>[INFO   ] - Server is running at port 3000
2024-11-06T14:16:57.259Z=>[INFO   ] - Server is running at port 3000
2024-11-07T05:13:36.397Z=>[INFO   ] - Server is running at port 3000
2024-11-07T05:17:48.182Z=>[INFO   ] - Server is running at port 3000
2024-11-07T05:34:24.730Z=>[INFO   ] - Server is running at port 3000
2024-11-07T05:36:33.531Z=>[INFO   ] - Server is running at port 3000
2024-11-07T05:37:05.432Z=>[INFO   ] - Server is running at port 3000
2024-11-07T05:47:39.891Z=>[INFO   ] - Server is running at port 3000
2024-11-07T05:48:20.136Z=>[INFO   ] - Server is running at port 3000
2024-11-07T05:49:47.971Z=>[INFO   ] - Server is running at port 3000
2024-11-07T05:49:58.336Z=>[INFO   ] - Server is running at port 3000
2024-11-07T05:50:15.646Z=>[INFO   ] - Server is running at port 3000
2024-11-07T05:50:38.246Z=>[INFO   ] - Server is running at port 3000
2024-11-07T05:51:19.142Z=>[INFO   ] - Server is running at port 3000
2024-11-07T05:52:08.830Z=>[INFO   ] - Server is running at port 3000
2024-11-07T05:52:34.286Z=>[INFO   ] - Server is running at port 3000
2024-11-07T05:52:55.933Z=>[INFO   ] - Server is running at port 3000
2024-11-07T05:53:06.640Z=>[INFO   ] - Server is running at port 3000
2024-11-07T06:35:35.725Z=>[INFO   ] - Server is running at port 3000
2024-11-07T06:42:26.529Z=>[INFO   ] - Server is running at port 3000
2024-11-07T06:42:30.175Z=>[INFO   ] - Server is running at port 3000
2024-11-07T06:44:26.340Z=>[INFO   ] - Server is running at port 3000
2024-11-07T06:44:46.654Z=>[INFO   ] - Server is running at port 3000
2024-11-07T06:45:42.818Z=>[INFO   ] - Server is running at port 3000
2024-11-07T06:45:51.852Z=>[INFO   ] - Server is running at port 3000
2024-11-07T06:46:46.719Z=>[INFO   ] - Server is running at port 3000
2024-11-07T08:49:59.358Z=>[INFO   ] - Server is running at port 3000
2024-11-07T08:51:30.340Z=>[INFO   ] - Server is running at port 3000
2024-11-07T08:56:07.568Z=>[INFO   ] - Server is running at port 3000
2024-11-07T08:57:33.217Z=>[INFO   ] - Server is running at port 3000
2024-11-07T08:58:04.092Z=>[INFO   ] - Server is running at port 3000
2024-11-07T08:58:28.961Z=>[INFO   ] - Server is running at port 3000
2024-11-07T08:59:32.927Z=>[INFO   ] - Server is running at port 3000
2024-11-07T09:00:22.508Z=>[INFO   ] - Server is running at port 3000
2024-11-07T09:01:49.726Z=>[INFO   ] - Server is running at port 3000
2024-11-07T09:01:57.138Z=>[INFO   ] - Server is running at port 3000
2024-11-07T09:02:07.254Z=>[INFO   ] - Server is running at port 3000
2024-11-07T09:02:32.080Z=>[INFO   ] - Server is running at port 3000
2024-11-07T09:03:16.705Z=>[INFO   ] - Server is running at port 3000
2024-11-07T09:03:21.987Z=>[INFO   ] - Server is running at port 3000
2024-11-07T09:03:24.078Z=>[INFO   ] - Server is running at port 3000
2024-11-07T09:04:09.014Z=>[INFO   ] - Server is running at port 3000
2024-11-07T09:04:44.399Z=>[INFO   ] - Server is running at port 3000
2024-11-07T09:04:59.783Z=>[INFO   ] - Server is running at port 3000
2024-11-07T09:07:22.193Z=>[INFO   ] - Server is running at port 3000
2024-11-07T09:09:45.153Z=>[INFO   ] - Server is running at port 3000
2024-11-07T09:11:21.470Z=>[INFO   ] - Server is running at port 3000
2024-11-07T09:11:46.604Z=>[INFO   ] - Server is running at port 3000
2024-11-07T09:12:45.596Z=>[INFO   ] - Server is running at port 3000
2024-11-07T09:12:54.716Z=>[INFO   ] - Server is running at port 3000
2024-11-07T09:13:45.296Z=>[INFO   ] - Server is running at port 3000
2024-11-07T09:15:34.937Z=>[INFO   ] - Server is running at port 3000
2024-11-07T12:39:08.136Z=>[INFO   ] - Server is running at port 3000
2024-11-07T12:40:22.876Z=>[INFO   ] - Server is running at port 3000
2024-11-07T12:44:32.845Z=>[INFO   ] - Server is running at port 3000
2024-11-07T12:49:26.912Z=>[INFO   ] - Server is running at port 3000
2024-11-07T12:49:30.033Z=>[INFO   ] - Server is running at port 3000
2024-11-07T12:49:47.906Z=>[INFO   ] - Server is running at port 3000
2024-11-07T12:52:30.286Z=>[INFO   ] - Server is running at port 3000
2024-11-07T12:52:59.489Z=>[INFO   ] - Server is running at port 3000
2024-11-07T12:54:54.873Z=>[INFO   ] - Server is running at port 3000
2024-11-07T13:01:16.893Z=>[INFO   ] - Server is running at port 3000
2024-11-07T13:01:46.237Z=>[INFO   ] - Server is running at port 3000
2024-11-07T13:09:51.898Z=>[INFO   ] - Server is running at port 3000
2024-11-07T13:22:28.632Z=>[INFO   ] - Server is running at port 3000
2024-11-07T13:23:30.534Z=>[INFO   ] - Server is running at port 3000
2024-11-07T13:24:02.839Z=>[INFO   ] - Server is running at port 3000
2024-11-07T13:27:00.691Z=>[INFO   ] - Server is running at port 3000
2024-11-07T13:29:32.887Z=>[INFO   ] - Server is running at port 3000
2024-11-07T13:31:04.465Z=>[INFO   ] - Server is running at port 3000
2024-11-07T13:31:33.743Z=>[INFO   ] - Server is running at port 3000
2024-11-07T13:31:40.701Z=>[INFO   ] - Server is running at port 3000
2024-11-07T13:32:24.705Z=>[INFO   ] - Server is running at port 3000
2024-11-07T13:32:35.428Z=>[INFO   ] - Server is running at port 3000
2024-11-07T13:32:39.027Z=>[INFO   ] - Server is running at port 3000
2024-11-07T13:40:28.127Z=>[INFO   ] - Server is running at port 3000
2024-11-07T13:40:29.860Z=>[INFO   ] - Server is running at port 3000
2024-11-07T13:44:40.287Z=>[INFO   ] - Server is running at port 3000
2024-11-07T13:46:05.048Z=>[INFO   ] - Server is running at port 3000
2024-11-07T13:46:43.278Z=>[INFO   ] - Server is running at port 3000
2024-11-07T13:47:33.625Z=>[INFO   ] - Server is running at port 3000
2024-11-07T13:47:45.951Z=>[INFO   ] - Server is running at port 3000
2024-11-08T12:25:28.839Z=>[INFO   ] - Server is running at port 3000
2024-11-09T00:39:57.531Z=>[INFO   ] - Server is running at port 3000
2024-11-09T00:41:22.982Z=>[INFO   ] - Server is running at port 3000
2024-11-09T00:44:32.876Z=>[INFO   ] - Server is running at port 3000
2024-11-09T00:45:01.771Z=>[INFO   ] - Server is running at port 3000
2024-11-09T00:46:17.392Z=>[INFO   ] - Server is running at port 3000
2024-11-09T00:47:58.611Z=>[INFO   ] - Server is running at port 3000
2024-11-09T00:48:41.107Z=>[INFO   ] - Server is running at port 3000
2024-11-09T00:51:21.270Z=>[INFO   ] - Server is running at port 3000
2024-11-09T00:56:26.799Z=>[INFO   ] - Server is running at port 3000
2024-11-09T00:58:08.819Z=>[INFO   ] - Server is running at port 3000
2024-11-09T01:01:04.903Z=>[INFO   ] - Server is running at port 3000
2024-11-09T01:01:22.111Z=>[INFO   ] - Server is running at port 3000
2024-11-09T01:04:05.719Z=>[INFO   ] - Server is running at port 3000
2024-11-09T01:04:32.406Z=>[INFO   ] - Server is running at port 3000
2024-11-09T01:07:02.459Z=>[INFO   ] - Server is running at port 3000
2024-11-09T01:10:54.395Z=>[INFO   ] - Server is running at port 3000
2024-11-09T01:10:54.415Z=>[INFO   ] - Connected to Redis successfully
2024-11-09T01:14:58.215Z=>[INFO   ] - Server is running at port 3000
2024-11-09T01:14:58.226Z=>[INFO   ] - Connected to Redis successfully
2024-11-09T01:17:37.780Z=>[INFO   ] - Server is running at port 3000
2024-11-09T01:17:37.792Z=>[INFO   ] - Connected to Redis successfully
2024-11-09T01:21:48.047Z=>[INFO   ] - Server is running at port 3000
2024-11-09T01:21:48.059Z=>[INFO   ] - Connected to Redis successfully
2024-11-09T01:21:58.556Z=>[INFO   ] - Server is running at port 3000
2024-11-09T01:21:58.568Z=>[INFO   ] - Connected to Redis successfully
2024-11-09T01:24:41.253Z=>[INFO   ] - Server is running at port 3000
2024-11-09T01:24:41.260Z=>[INFO   ] - Connected to Redis successfully
2024-11-09T01:26:24.733Z=>[INFO   ] - Server is running at port 3000
2024-11-09T01:26:24.745Z=>[INFO   ] - Connected to Redis successfully
2024-11-09T01:26:56.537Z=>[INFO   ] - Server is running at port 3000
2024-11-09T01:26:56.542Z=>[INFO   ] - Connected to Redis successfully
2024-11-09T01:29:33.526Z=>[INFO   ] - Server is running at port 3000
2024-11-09T01:29:33.532Z=>[INFO   ] - Connected to Redis successfully
2024-11-09T01:30:40.702Z=>[INFO   ] - Server is running at port 3000
2024-11-09T01:30:40.721Z=>[INFO   ] - Connected to Redis successfully
2024-11-09T01:31:22.633Z=>[INFO   ] - Server is running at port 3000
2024-11-09T01:31:22.644Z=>[INFO   ] - Connected to Redis successfully
2024-11-09T01:36:57.609Z=>[INFO   ] - Server is running at port 3000
2024-11-09T01:36:57.620Z=>[INFO   ] - Connected to Redis successfully
2024-11-09T02:19:12.569Z=>[INFO   ] - Server is running at port 3000
2024-11-09T02:19:12.574Z=>[INFO   ] - Connected to Redis successfully
2024-11-09T02:20:01.067Z=>[INFO   ] - Server is running at port 3000
2024-11-09T02:20:01.071Z=>[INFO   ] - Connected to Redis successfully
2024-11-09T02:21:05.323Z=>[INFO   ] - Server is running at port 3000
2024-11-09T02:21:05.329Z=>[INFO   ] - Connected to Redis successfully
2024-11-09T02:21:35.511Z=>[INFO   ] - Server is running at port 3000
2024-11-09T02:21:35.516Z=>[INFO   ] - Connected to Redis successfully
2024-11-09T02:23:11.037Z=>[INFO   ] - Server is running at port 3000
2024-11-09T02:23:11.041Z=>[INFO   ] - Connected to Redis successfully
2024-11-09T02:23:41.893Z=>[INFO   ] - Server is running at port 3000
2024-11-09T02:23:41.897Z=>[INFO   ] - Connected to Redis successfully
2024-11-09T02:24:19.546Z=>[INFO   ] - Server is running at port 3000
2024-11-09T02:24:19.551Z=>[INFO   ] - Connected to Redis successfully
2024-11-09T02:24:38.852Z=>[INFO   ] - Server is running at port 3000
2024-11-09T02:24:38.857Z=>[INFO   ] - Connected to Redis successfully
2024-11-09T02:25:00.579Z=>[INFO   ] - Server is running at port 3000
2024-11-09T02:25:00.584Z=>[INFO   ] - Connected to Redis successfully
2024-11-09T02:26:51.562Z=>[INFO   ] - Server is running at port 3000
2024-11-09T02:26:51.566Z=>[INFO   ] - Connected to Redis successfully
2024-11-09T02:27:45.225Z=>[INFO   ] - Server is running at port 3000
2024-11-09T02:27:45.230Z=>[INFO   ] - Connected to Redis successfully
2024-11-09T02:28:48.573Z=>[INFO   ] - Server is running at port 3000
2024-11-09T02:28:48.578Z=>[INFO   ] - Connected to Redis successfully
2024-11-09T02:29:02.475Z=>[INFO   ] - Server is running at port 3000
2024-11-09T02:29:02.479Z=>[INFO   ] - Connected to Redis successfully
2024-11-09T13:34:40.795Z=>[INFO   ] - Server is running at port 3000
2024-11-09T13:34:40.799Z=>[INFO   ] - Connected to Redis successfully
2024-11-09T13:35:20.532Z=>[INFO   ] - Server is running at port 3000
2024-11-09T13:35:20.536Z=>[INFO   ] - Connected to Redis successfully
2024-11-09T13:37:19.839Z=>[INFO   ] - Server is running at port 3000
2024-11-09T13:37:19.843Z=>[INFO   ] - Connected to Redis successfully
2024-11-09T13:38:50.207Z=>[INFO   ] - Server is running at port 3000
2024-11-09T13:38:50.211Z=>[INFO   ] - Connected to Redis successfully
2024-11-09T13:39:29.750Z=>[INFO   ] - Server is running at port 3000
2024-11-09T13:39:29.755Z=>[INFO   ] - Connected to Redis successfully
2024-11-09T17:20:40.645Z=>[INFO   ] - Server is running at port 3000
2024-11-09T17:20:40.649Z=>[INFO   ] - Connected to Redis successfully
2024-11-09T17:22:01.127Z=>[INFO   ] - Server is running at port 3000
2024-11-09T17:22:01.131Z=>[INFO   ] - Connected to Redis successfully
2024-11-09T17:24:14.056Z=>[INFO   ] - Server is running at port 3000
2024-11-09T17:24:14.060Z=>[INFO   ] - Connected to Redis successfully
2024-11-09T17:24:42.623Z=>[INFO   ] - Server is running at port 3000
2024-11-09T17:24:42.628Z=>[INFO   ] - Connected to Redis successfully
2024-11-09T17:34:25.134Z=>[INFO   ] - Server is running at port 3000
2024-11-09T17:34:25.139Z=>[INFO   ] - Connected to Redis successfully
2024-11-09T17:34:39.039Z=>[INFO   ] - Server is running at port 3000
2024-11-09T17:34:39.043Z=>[INFO   ] - Connected to Redis successfully
2024-11-09T17:51:51.785Z=>[INFO   ] - Server is running at port 3000
2024-11-09T17:51:51.790Z=>[INFO   ] - Connected to Redis successfully
2024-11-10T11:58:11.698Z=>[INFO   ] - Server is running at port 3000
2024-11-10T11:58:11.702Z=>[INFO   ] - Connected to Redis successfully
2024-11-10T12:02:36.380Z=>[INFO   ] - Server is running at port 3000
2024-11-10T12:02:36.384Z=>[INFO   ] - Connected to Redis successfully
2024-11-10T12:03:34.022Z=>[INFO   ] - Server is running at port 3000
2024-11-10T12:03:34.027Z=>[INFO   ] - Connected to Redis successfully
2024-11-10T12:07:56.193Z=>[INFO   ] - Server is running at port 3000
2024-11-10T12:07:56.197Z=>[INFO   ] - Connected to Redis successfully
2024-11-10T12:13:25.543Z=>[INFO   ] - Server is running at port 3000
2024-11-10T12:13:25.547Z=>[INFO   ] - Connected to Redis successfully
2024-11-10T12:13:27.395Z=>[INFO   ] - Server is running at port 3000
2024-11-10T12:13:27.399Z=>[INFO   ] - Connected to Redis successfully
2024-11-10T12:14:16.954Z=>[INFO   ] - Server is running at port 3000
2024-11-10T12:14:16.958Z=>[INFO   ] - Connected to Redis successfully
2024-11-10T12:16:05.739Z=>[INFO   ] - Server is running at port 3000
2024-11-10T12:16:05.744Z=>[INFO   ] - Connected to Redis successfully
2024-11-10T12:17:35.614Z=>[INFO   ] - Server is running at port 3000
2024-11-10T12:17:35.619Z=>[INFO   ] - Connected to Redis successfully
2024-11-10T12:20:16.638Z=>[INFO   ] - Server is running at port 3000
2024-11-10T12:20:16.642Z=>[INFO   ] - Connected to Redis successfully
2024-11-10T12:51:51.230Z=>[INFO   ] - Server is running at port 3000
2024-11-10T12:51:51.234Z=>[INFO   ] - Connected to Redis successfully
2024-11-10T12:52:50.831Z=>[INFO   ] - Server is running at port 3000
2024-11-10T12:52:50.835Z=>[INFO   ] - Connected to Redis successfully
2024-11-10T12:53:28.865Z=>[INFO   ] - Server is running at port 3000
2024-11-10T12:53:28.869Z=>[INFO   ] - Connected to Redis successfully
2024-11-10T12:54:21.322Z=>[INFO   ] - Server is running at port 3000
2024-11-10T12:54:21.326Z=>[INFO   ] - Connected to Redis successfully
2024-11-10T12:54:57.559Z=>[INFO   ] - Server is running at port 3000
2024-11-10T12:54:57.564Z=>[INFO   ] - Connected to Redis successfully
2024-11-10T12:59:44.367Z=>[INFO   ] - Server is running at port 3000
2024-11-10T12:59:44.372Z=>[INFO   ] - Connected to Redis successfully
2024-11-10T13:04:26.732Z=>[INFO   ] - Server is running at port 3000
2024-11-10T13:04:26.736Z=>[INFO   ] - Connected to Redis successfully
2024-11-10T13:47:47.387Z=>[INFO   ] - Server is running at port 3000
2024-11-10T13:47:47.392Z=>[INFO   ] - Connected to Redis successfully
2024-11-10T13:49:43.533Z=>[INFO   ] - Server is running at port 3000
2024-11-10T13:49:43.537Z=>[INFO   ] - Connected to Redis successfully
2024-11-10T13:54:07.049Z=>[INFO   ] - Server is running at port 3000
2024-11-10T13:54:07.054Z=>[INFO   ] - Connected to Redis successfully
2024-11-10T13:54:22.407Z=>[INFO   ] - Server is running at port 3000
2024-11-10T13:54:22.412Z=>[INFO   ] - Connected to Redis successfully
2024-11-10T14:07:33.974Z=>[INFO   ] - Server is running at port 3000
2024-11-10T14:07:33.980Z=>[INFO   ] - Connected to Redis successfully
2024-11-10T14:08:18.185Z=>[INFO   ] - Server is running at port 3000
2024-11-10T14:08:18.189Z=>[INFO   ] - Connected to Redis successfully
2024-11-10T14:09:45.841Z=>[INFO   ] - Server is running at port 3000
2024-11-10T14:09:45.846Z=>[INFO   ] - Connected to Redis successfully
2024-11-10T14:11:44.401Z=>[INFO   ] - Server is running at port 3000
2024-11-10T14:11:44.406Z=>[INFO   ] - Connected to Redis successfully
2024-11-10T14:12:14.725Z=>[INFO   ] - Server is running at port 3000
2024-11-10T14:12:14.731Z=>[INFO   ] - Connected to Redis successfully
2024-11-10T14:12:39.034Z=>[INFO   ] - Server is running at port 3000
2024-11-10T14:12:39.039Z=>[INFO   ] - Connected to Redis successfully
2024-11-10T14:39:55.585Z=>[INFO   ] - Server is running at port 3000
2024-11-10T14:39:55.590Z=>[INFO   ] - Connected to Redis successfully
2024-11-10T14:40:11.287Z=>[INFO   ] - Server is running at port 3000
2024-11-10T14:40:11.291Z=>[INFO   ] - Connected to Redis successfully
2024-11-10T14:41:06.193Z=>[INFO   ] - Server is running at port 3000
2024-11-10T14:41:06.198Z=>[INFO   ] - Connected to Redis successfully
2024-11-13T00:08:52.049Z=>[INFO   ] - Server is running at port 3000
2024-11-13T00:08:52.057Z=>[INFO   ] - Connected to Redis successfully
2024-11-13T00:20:12.160Z=>[INFO   ] - Server is running at port 3000
2024-11-13T00:20:12.165Z=>[INFO   ] - Connected to Redis successfully
2024-11-13T00:20:20.976Z=>[INFO   ] - Server is running at port 3000
2024-11-13T00:20:20.980Z=>[INFO   ] - Connected to Redis successfully
2024-11-13T00:21:32.769Z=>[INFO   ] - Server is running at port 3000
2024-11-13T00:21:32.776Z=>[INFO   ] - Connected to Redis successfully
2024-11-13T00:21:39.207Z=>[INFO   ] - Server is running at port 3000
2024-11-13T00:21:39.212Z=>[INFO   ] - Connected to Redis successfully
2024-11-13T00:25:26.447Z=>[INFO   ] - Server is running at port 3000
2024-11-13T00:25:26.451Z=>[INFO   ] - Connected to Redis successfully
2024-11-13T00:28:21.121Z=>[INFO   ] - Server is running at port 3000
2024-11-13T00:28:21.128Z=>[INFO   ] - Connected to Redis successfully
2024-11-13T00:29:18.322Z=>[INFO   ] - Server is running at port 3000
2024-11-13T00:29:18.329Z=>[INFO   ] - Connected to Redis successfully
2024-11-13T00:34:56.503Z=>[INFO   ] - Server is running at port 3000
2024-11-13T00:34:56.508Z=>[INFO   ] - Connected to Redis successfully
2024-11-13T00:35:11.485Z=>[INFO   ] - Server is running at port 3000
2024-11-13T00:35:11.489Z=>[INFO   ] - Connected to Redis successfully
2024-11-13T00:36:02.118Z=>[INFO   ] - Server is running at port 3000
2024-11-13T00:36:02.122Z=>[INFO   ] - Connected to Redis successfully
2024-11-13T00:37:25.603Z=>[INFO   ] - Server is running at port 3000
2024-11-13T00:37:25.609Z=>[INFO   ] - Connected to Redis successfully
2024-11-13T02:50:09.960Z=>[INFO   ] - Server is running at port 3000
2024-11-13T02:50:09.971Z=>[INFO   ] - Connected to Redis successfully
2024-11-13T02:50:29.848Z=>[INFO   ] - Server is running at port 3000
2024-11-13T02:50:29.859Z=>[INFO   ] - Connected to Redis successfully
2024-11-13T02:50:47.812Z=>[INFO   ] - Server is running at port 3000
2024-11-13T02:50:47.825Z=>[INFO   ] - Connected to Redis successfully
2024-11-13T02:50:59.477Z=>[INFO   ] - Server is running at port 3000
2024-11-13T02:50:59.491Z=>[INFO   ] - Connected to Redis successfully
2024-11-13T02:51:04.215Z=>[INFO   ] - Server is running at port 3000
2024-11-13T02:51:04.227Z=>[INFO   ] - Connected to Redis successfully
2024-11-13T03:04:51.253Z=>[INFO   ] - Server is running at port 3000
2024-11-13T03:04:51.265Z=>[INFO   ] - Connected to Redis successfully
2024-11-13T03:08:06.290Z=>[INFO   ] - Server is running at port 3000
2024-11-13T03:08:06.304Z=>[INFO   ] - Connected to Redis successfully
2024-11-13T03:09:14.815Z=>[INFO   ] - Server is running at port 3000
2024-11-13T03:09:14.826Z=>[INFO   ] - Connected to Redis successfully
2024-11-13T03:09:54.230Z=>[INFO   ] - Server is running at port 3000
2024-11-13T03:09:54.244Z=>[INFO   ] - Connected to Redis successfully
2024-11-13T03:10:18.724Z=>[INFO   ] - Server is running at port 3000
2024-11-13T03:10:18.739Z=>[INFO   ] - Connected to Redis successfully
2024-11-13T03:11:16.406Z=>[INFO   ] - Server is running at port 3000
2024-11-13T03:11:16.417Z=>[INFO   ] - Connected to Redis successfully
2024-11-13T03:11:46.549Z=>[INFO   ] - Server is running at port 3000
2024-11-13T03:11:46.553Z=>[INFO   ] - Connected to Redis successfully
2024-11-13T12:09:30.365Z=>[INFO   ] - Server is running at port 3000
2024-11-13T12:09:30.371Z=>[INFO   ] - Connected to Redis successfully
2024-11-13T12:26:26.843Z=>[INFO   ] - Server is running at port 3000
2024-11-13T12:26:26.857Z=>[INFO   ] - Connected to Redis successfully
2024-11-13T12:26:57.485Z=>[INFO   ] - Server is running at port 3000
2024-11-13T12:26:57.496Z=>[INFO   ] - Connected to Redis successfully
2024-11-13T12:27:22.063Z=>[INFO   ] - Server is running at port 3000
2024-11-13T12:27:22.076Z=>[INFO   ] - Connected to Redis successfully
2024-11-13T12:28:10.170Z=>[INFO   ] - Server is running at port 3000
2024-11-13T12:28:10.182Z=>[INFO   ] - Connected to Redis successfully
2024-11-13T12:33:59.582Z=>[INFO   ] - Server is running at port 3000
2024-11-13T12:33:59.589Z=>[INFO   ] - Connected to Redis successfully
2024-11-13T12:34:39.133Z=>[INFO   ] - Server is running at port 3000
2024-11-13T12:34:39.137Z=>[INFO   ] - Connected to Redis successfully
2024-11-13T12:34:57.996Z=>[INFO   ] - Server is running at port 3000
2024-11-13T12:34:58.001Z=>[INFO   ] - Connected to Redis successfully
2024-11-13T12:35:13.568Z=>[INFO   ] - Server is running at port 3000
2024-11-13T12:35:13.573Z=>[INFO   ] - Connected to Redis successfully
2024-11-13T12:36:32.804Z=>[INFO   ] - Server is running at port 3000
2024-11-13T12:36:32.808Z=>[INFO   ] - Connected to Redis successfully
2024-11-13T12:38:10.667Z=>[INFO   ] - Server is running at port 3000
2024-11-13T12:38:10.672Z=>[INFO   ] - Connected to Redis successfully
2024-11-13T12:38:43.159Z=>[INFO   ] - Server is running at port 3000
2024-11-13T12:38:43.164Z=>[INFO   ] - Connected to Redis successfully
2024-11-13T12:38:46.767Z=>[INFO   ] - Server is running at port 3000
2024-11-13T12:38:46.773Z=>[INFO   ] - Connected to Redis successfully
2024-11-13T12:39:35.196Z=>[INFO   ] - Server is running at port 3000
2024-11-13T12:39:35.200Z=>[INFO   ] - Connected to Redis successfully
2024-11-13T12:39:57.367Z=>[INFO   ] - Server is running at port 3000
2024-11-13T12:39:57.374Z=>[INFO   ] - Connected to Redis successfully
2024-11-13T12:41:04.072Z=>[INFO   ] - Server is running at port 3000
2024-11-13T12:41:04.076Z=>[INFO   ] - Connected to Redis successfully
2024-11-13T12:41:26.915Z=>[INFO   ] - Server is running at port 3000
2024-11-13T12:41:26.919Z=>[INFO   ] - Connected to Redis successfully
2024-11-13T12:48:01.712Z=>[INFO   ] - Server is running at port 3000
2024-11-13T12:48:01.716Z=>[INFO   ] - Connected to Redis successfully
2024-11-13T12:49:24.627Z=>[INFO   ] - Server is running at port 3000
2024-11-13T12:49:24.632Z=>[INFO   ] - Connected to Redis successfully
2024-11-13T12:50:09.695Z=>[INFO   ] - Server is running at port 3000
2024-11-13T12:50:09.701Z=>[INFO   ] - Connected to Redis successfully
2024-11-13T12:51:06.656Z=>[INFO   ] - Server is running at port 3000
2024-11-13T12:51:06.660Z=>[INFO   ] - Connected to Redis successfully
2024-11-13T12:58:31.047Z=>[INFO   ] - Server is running at port 3000
2024-11-13T12:58:31.053Z=>[INFO   ] - Connected to Redis successfully
2024-11-13T13:02:20.092Z=>[INFO   ] - Server is running at port 3000
2024-11-13T13:02:20.099Z=>[INFO   ] - Connected to Redis successfully
2024-11-13T13:03:10.341Z=>[INFO   ] - Server is running at port 3000
2024-11-13T13:03:10.348Z=>[INFO   ] - Connected to Redis successfully
2024-11-13T13:05:14.923Z=>[INFO   ] - Server is running at port 3000
2024-11-13T13:05:14.927Z=>[INFO   ] - Connected to Redis successfully
2024-11-13T13:06:00.939Z=>[INFO   ] - Server is running at port 3000
2024-11-13T13:06:00.944Z=>[INFO   ] - Connected to Redis successfully
2024-11-13T13:06:12.745Z=>[INFO   ] - Server is running at port 3000
2024-11-13T13:06:12.749Z=>[INFO   ] - Connected to Redis successfully
2024-11-13T13:12:26.714Z=>[INFO   ] - Server is running at port 3000
2024-11-13T13:12:26.719Z=>[INFO   ] - Connected to Redis successfully
2024-11-13T13:19:45.084Z=>[INFO   ] - Server is running at port 3000
2024-11-13T13:19:45.089Z=>[INFO   ] - Connected to Redis successfully
2024-11-13T13:30:30.483Z=>[INFO   ] - Server is running at port 3000
2024-11-13T13:30:30.487Z=>[INFO   ] - Connected to Redis successfully
2024-11-13T13:37:35.785Z=>[INFO   ] - Server is running at port 3000
2024-11-13T13:37:35.791Z=>[INFO   ] - Connected to Redis successfully
2024-11-13T13:40:33.170Z=>[INFO   ] - Server is running at port 3000
2024-11-13T13:40:33.174Z=>[INFO   ] - Connected to Redis successfully
2024-11-13T13:43:47.295Z=>[INFO   ] - Server is running at port 3000
2024-11-13T13:43:47.302Z=>[INFO   ] - Connected to Redis successfully
2024-11-13T13:44:13.063Z=>[ERROR  ] - undefined
2024-11-13T13:45:16.005Z=>[INFO   ] - Server is running at port 3000
2024-11-13T13:45:16.009Z=>[INFO   ] - Connected to Redis successfully
2024-11-13T13:45:37.578Z=>[INFO   ] - Server is running at port 3000
2024-11-13T13:45:37.582Z=>[INFO   ] - Connected to Redis successfully
2024-11-13T13:46:17.302Z=>[INFO   ] - Server is running at port 3000
2024-11-13T13:46:17.307Z=>[INFO   ] - Connected to Redis successfully
2024-11-14T04:07:13.797Z=>[INFO   ] - Server is running at port 3000
2024-11-14T04:07:13.804Z=>[INFO   ] - Connected to Redis successfully
2024-11-14T04:09:12.418Z=>[INFO   ] - Server is running at port 3000
2024-11-14T04:09:12.422Z=>[INFO   ] - Connected to Redis successfully
2024-11-15T01:50:14.195Z=>[INFO   ] - Server is running at port 3000
2024-11-15T01:50:14.208Z=>[INFO   ] - Connected to Redis successfully
2024-11-15T01:50:45.980Z=>[INFO   ] - Server is running at port 3000
2024-11-15T01:50:45.992Z=>[INFO   ] - Connected to Redis successfully
2024-11-15T12:01:52.303Z=>[INFO   ] - Server is running at port 3000
2024-11-15T12:01:52.311Z=>[INFO   ] - Connected to Redis successfully
2024-11-15T12:02:22.665Z=>[ERROR  ] - undefined
2024-11-15T12:04:22.292Z=>[INFO   ] - Server is running at port 3000
2024-11-15T12:04:22.304Z=>[INFO   ] - Connected to Redis successfully
2024-11-15T12:10:06.589Z=>[INFO   ] - Server is running at port 3000
2024-11-15T12:10:06.601Z=>[INFO   ] - Connected to Redis successfully
2024-11-15T12:10:26.117Z=>[INFO   ] - Server is running at port 3000
2024-11-15T12:10:26.129Z=>[INFO   ] - Connected to Redis successfully
2024-11-15T12:12:00.295Z=>[INFO   ] - Server is running at port 3000
2024-11-15T12:12:00.308Z=>[INFO   ] - Connected to Redis successfully
2024-11-15T12:14:31.563Z=>[INFO   ] - Server is running at port 3000
2024-11-15T12:14:31.575Z=>[INFO   ] - Connected to Redis successfully
2024-11-15T12:20:44.306Z=>[INFO   ] - Server is running at port 3000
2024-11-15T12:20:44.317Z=>[INFO   ] - Connected to Redis successfully
2024-11-15T12:22:25.306Z=>[INFO   ] - Server is running at port 3000
2024-11-15T12:22:25.312Z=>[INFO   ] - Connected to Redis successfully
2024-11-15T12:24:23.031Z=>[INFO   ] - Server is running at port 3000
2024-11-15T12:24:23.037Z=>[INFO   ] - Connected to Redis successfully
2024-11-15T12:25:36.331Z=>[INFO   ] - Server is running at port 3000
2024-11-15T12:25:36.343Z=>[INFO   ] - Connected to Redis successfully
2024-11-15T12:26:15.420Z=>[INFO   ] - Server is running at port 3000
2024-11-15T12:26:15.432Z=>[INFO   ] - Connected to Redis successfully
2024-11-15T12:26:41.570Z=>[INFO   ] - Server is running at port 3000
2024-11-15T12:26:41.582Z=>[INFO   ] - Connected to Redis successfully
2024-11-15T12:32:21.901Z=>[INFO   ] - Server is running at port 3000
2024-11-15T12:32:21.912Z=>[INFO   ] - Connected to Redis successfully
2024-11-15T12:46:00.547Z=>[INFO   ] - Server is running at port 3000
2024-11-15T12:46:00.558Z=>[INFO   ] - Connected to Redis successfully
2024-11-15T12:46:21.169Z=>[INFO   ] - Server is running at port 3000
2024-11-15T12:46:21.181Z=>[INFO   ] - Connected to Redis successfully
2024-11-15T12:47:56.961Z=>[INFO   ] - Server is running at port 3000
2024-11-15T12:47:56.972Z=>[INFO   ] - Connected to Redis successfully
2024-11-15T12:50:45.427Z=>[INFO   ] - Server is running at port 3000
2024-11-15T12:50:45.439Z=>[INFO   ] - Connected to Redis successfully
2024-11-15T12:52:16.256Z=>[INFO   ] - Server is running at port 3000
2024-11-15T12:52:16.262Z=>[INFO   ] - Connected to Redis successfully
2024-11-15T12:54:32.563Z=>[INFO   ] - Server is running at port 3000
2024-11-15T12:54:32.571Z=>[INFO   ] - Connected to Redis successfully
2024-11-15T12:56:27.572Z=>[INFO   ] - Server is running at port 3000
2024-11-15T12:56:27.586Z=>[INFO   ] - Connected to Redis successfully
2024-11-15T12:58:57.599Z=>[INFO   ] - Server is running at port 3000
2024-11-15T12:58:57.611Z=>[INFO   ] - Connected to Redis successfully
2024-11-15T12:59:42.177Z=>[INFO   ] - Server is running at port 3000
2024-11-15T12:59:42.189Z=>[INFO   ] - Connected to Redis successfully
2024-11-15T12:59:46.758Z=>[ERROR  ] - undefined
2024-11-15T13:00:30.733Z=>[INFO   ] - Server is running at port 3000
2024-11-15T13:00:30.745Z=>[INFO   ] - Connected to Redis successfully
2024-11-15T13:05:16.077Z=>[ERROR  ] - undefined
2024-11-15T13:06:04.216Z=>[INFO   ] - Server is running at port 3000
2024-11-15T13:06:04.235Z=>[INFO   ] - Connected to Redis successfully
2024-11-15T13:06:58.866Z=>[INFO   ] - Server is running at port 3000
2024-11-15T13:06:58.878Z=>[INFO   ] - Connected to Redis successfully
2024-11-16T03:43:41.031Z=>[INFO   ] - Server is running at port 3000
2024-11-16T03:43:41.038Z=>[INFO   ] - Connected to Redis successfully
2024-11-16T03:47:47.363Z=>[INFO   ] - Server is running at port 3000
2024-11-16T03:47:47.367Z=>[INFO   ] - Connected to Redis successfully
2024-11-16T03:48:04.307Z=>[INFO   ] - Server is running at port 3000
2024-11-16T03:48:04.312Z=>[INFO   ] - Connected to Redis successfully
2024-11-16T03:49:49.127Z=>[INFO   ] - Server is running at port 3000
2024-11-16T03:49:49.131Z=>[INFO   ] - Connected to Redis successfully
2024-11-16T03:50:13.328Z=>[INFO   ] - Server is running at port 3000
2024-11-16T03:50:13.332Z=>[INFO   ] - Connected to Redis successfully
2024-11-16T04:21:43.789Z=>[INFO   ] - Server is running at port 3000
2024-11-16T04:21:43.793Z=>[INFO   ] - Connected to Redis successfully
2024-11-16T04:52:37.801Z=>[INFO   ] - Server is running at port 3000
2024-11-16T04:52:37.807Z=>[INFO   ] - Connected to Redis successfully
2024-11-16T04:53:27.458Z=>[INFO   ] - Server is running at port 3000
2024-11-16T04:53:27.462Z=>[INFO   ] - Connected to Redis successfully
2024-11-16T04:58:37.950Z=>[INFO   ] - Server is running at port 3000
2024-11-16T04:58:37.954Z=>[INFO   ] - Connected to Redis successfully
2024-11-16T05:09:38.760Z=>[INFO   ] - Server is running at port 3000
2024-11-16T05:09:38.767Z=>[INFO   ] - Connected to Redis successfully
2024-11-16T05:09:45.038Z=>[INFO   ] - Server is running at port 3000
2024-11-16T05:09:45.042Z=>[INFO   ] - Connected to Redis successfully
2024-11-16T08:31:21.331Z=>[INFO   ] - Server is running at port 3000
2024-11-16T08:31:21.343Z=>[INFO   ] - Connected to Redis successfully
2024-11-16T08:32:05.066Z=>[INFO   ] - Server is running at port 3000
2024-11-16T08:32:05.072Z=>[INFO   ] - Connected to Redis successfully
